\BOOKMARK [0][-]{chapter.1}{\376\377\000I\000n\000t\000r\000o\000d\000u\000c\000t\000i\000o\000n}{}% 1
\BOOKMARK [1][-]{section.1.1}{\376\377\000C\000o\000n\000t\000e\000x\000t\000e}{chapter.1}% 2
\BOOKMARK [1][-]{section.1.2}{\376\377\000O\000b\000j\000e\000c\000t\000i\000f\000s\000\040\000d\000e\000\040\000l\000'\000a\000n\000a\000l\000y\000s\000e}{chapter.1}% 3
\BOOKMARK [1][-]{section.1.3}{\376\377\000M\000\351\000t\000h\000o\000d\000o\000l\000o\000g\000i\000e}{chapter.1}% 4
\BOOKMARK [0][-]{chapter.2}{\376\377\000D\000e\000s\000c\000r\000i\000p\000t\000i\000o\000n\000\040\000t\000e\000c\000h\000n\000i\000q\000u\000e\000\040\000d\000u\000\040\000w\000h\000i\000t\000e\000b\000o\000a\000r\000d}{}% 5
\BOOKMARK [1][-]{section.2.1}{\376\377\000F\000o\000n\000c\000t\000i\000o\000n\000n\000a\000l\000i\000t\000\351\000s\000\040\000p\000r\000i\000n\000c\000i\000p\000a\000l\000e\000s}{chapter.2}% 6
\BOOKMARK [1][-]{section.2.2}{\376\377\000A\000r\000c\000h\000i\000t\000e\000c\000t\000u\000r\000e\000\040\000s\000y\000s\000t\000\350\000m\000e}{chapter.2}% 7
\BOOKMARK [2][-]{subsection.2.2.1}{\376\377\000V\000u\000e\000\040\000d\000'\000e\000n\000s\000e\000m\000b\000l\000e}{section.2.2}% 8
\BOOKMARK [2][-]{subsection.2.2.2}{\376\377\000M\000o\000d\000\350\000l\000e\000\040\000d\000e\000\040\000d\000o\000n\000n\000\351\000e\000s\000\040\000d\000e\000s\000\040\000n\001\123\000u\000d\000s}{section.2.2}% 9
\BOOKMARK [2][-]{subsection.2.2.3}{\376\377\000T\000e\000c\000h\000n\000o\000l\000o\000g\000i\000e\000s\000\040\000u\000t\000i\000l\000i\000s\000\351\000e\000s}{section.2.2}% 10
\BOOKMARK [2][-]{subsection.2.2.4}{\376\377\000C\000a\000s\000\040\000d\000'\000u\000t\000i\000l\000i\000s\000a\000t\000i\000o\000n\000\040\000t\000y\000p\000i\000q\000u\000e\000s}{section.2.2}% 11
\BOOKMARK [1][-]{section.2.3}{\376\377\000D\000i\000a\000g\000r\000a\000m\000m\000e\000s\000\040\000t\000e\000c\000h\000n\000i\000q\000u\000e\000s}{chapter.2}% 12
\BOOKMARK [2][-]{subsection.2.3.1}{\376\377\000U\000M\000L\000\040\000d\000e\000s\000\040\000p\000r\000i\000n\000c\000i\000p\000a\000u\000x\000\040\000c\000o\000m\000p\000o\000s\000a\000n\000t\000s}{section.2.3}% 13
\BOOKMARK [2][-]{subsection.2.3.2}{\376\377\000C\000a\000p\000t\000u\000r\000e\000s\000\040\000d\000'\000\351\000c\000r\000a\000n\000\040\000a\000n\000n\000o\000t\000\351\000e\000s}{section.2.3}% 14
\BOOKMARK [0][-]{chapter.3}{\376\377\000A\000n\000a\000l\000y\000s\000e\000\040\000c\000o\000m\000p\000a\000r\000a\000t\000i\000v\000e}{}% 15
\BOOKMARK [1][-]{section.3.1}{\376\377\000A\000v\000a\000n\000t\000a\000g\000e\000s\000\040\000f\000a\000c\000e\000\040\000\340\000\040\000u\000n\000\040\000a\000s\000s\000i\000s\000t\000a\000n\000t\000\040\000c\000o\000n\000v\000e\000r\000s\000a\000t\000i\000o\000n\000n\000e\000l\000\040\000c\000l\000a\000s\000s\000i\000q\000u\000e}{chapter.3}% 16
\BOOKMARK [2][-]{subsection.3.1.1}{\376\377\000C\000a\000p\000a\000c\000i\000t\000\351\000s\000\040\000v\000i\000s\000u\000e\000l\000l\000e\000s\000\040\000e\000t\000\040\000s\000p\000a\000t\000i\000a\000l\000e\000s}{section.3.1}% 17
\BOOKMARK [2][-]{subsection.3.1.2}{\376\377\000I\000n\000t\000e\000r\000a\000c\000t\000i\000o\000n\000\040\000m\000u\000l\000t\000i\000m\000o\000d\000a\000l\000e}{section.3.1}% 18
\BOOKMARK [2][-]{subsection.3.1.3}{\376\377\000C\000o\000l\000l\000a\000b\000o\000r\000a\000t\000i\000o\000n\000\040\000e\000n\000\040\000t\000e\000m\000p\000s\000\040\000r\000\351\000e\000l}{section.3.1}% 19
\BOOKMARK [2][-]{subsection.3.1.4}{\376\377\000P\000e\000r\000s\000o\000n\000n\000a\000l\000i\000s\000a\000t\000i\000o\000n\000\040\000d\000e\000\040\000l\000'\000i\000n\000t\000e\000r\000f\000a\000c\000e}{section.3.1}% 20
\BOOKMARK [1][-]{section.3.2}{\376\377\000D\000i\000f\000f\000\351\000r\000e\000n\000c\000i\000a\000t\000i\000o\000n\000\040\000p\000a\000r\000\040\000r\000a\000p\000p\000o\000r\000t\000\040\000\340\000\040\000l\000'\000\351\000t\000a\000t\000\040\000d\000e\000\040\000l\000'\000a\000r\000t}{chapter.3}% 21
\BOOKMARK [2][-]{subsection.3.2.1}{\376\377\000R\000e\000v\000u\000e\000\040\000d\000e\000s\000\040\000s\000o\000l\000u\000t\000i\000o\000n\000s\000\040\000e\000x\000i\000s\000t\000a\000n\000t\000e\000s}{section.3.2}% 22
\BOOKMARK [2][-]{subsection.3.2.2}{\376\377\000B\000e\000n\000c\000h\000m\000a\000r\000k\000\040\000d\000e\000s\000\040\000p\000e\000r\000f\000o\000r\000m\000a\000n\000c\000e\000s}{section.3.2}% 23
\BOOKMARK [2][-]{subsection.3.2.3}{\376\377\000I\000n\000n\000o\000v\000a\000t\000i\000o\000n\000s\000\040\000c\000l\000\351\000s}{section.3.2}% 24
\BOOKMARK [2][-]{subsection.3.2.4}{\376\377\000L\000i\000m\000i\000t\000e\000s\000\040\000e\000t\000\040\000a\000x\000e\000s\000\040\000d\000'\000a\000m\000\351\000l\000i\000o\000r\000a\000t\000i\000o\000n}{section.3.2}% 25
\BOOKMARK [0][-]{chapter.4}{\376\377\000\311\000t\000u\000d\000e\000s\000\040\000d\000e\000\040\000c\000a\000s}{}% 26
\BOOKMARK [1][-]{section.4.1}{\376\377\000P\000r\000\351\000p\000a\000r\000a\000t\000i\000o\000n\000\040\000d\000'\000u\000n\000\040\000m\000o\000d\000u\000l\000e\000\040\000p\000\351\000d\000a\000g\000o\000g\000i\000q\000u\000e}{chapter.4}% 27
\BOOKMARK [1][-]{section.4.2}{\376\377\000A\000n\000a\000l\000y\000s\000e\000\040\000d\000o\000c\000u\000m\000e\000n\000t\000a\000i\000r\000e\000\040\000e\000t\000\040\000s\000y\000n\000t\000h\000\350\000s\000e}{chapter.4}% 28
\BOOKMARK [1][-]{section.4.3}{\376\377\000E\000x\000e\000m\000p\000l\000e\000\040\000d\000'\000i\000m\000p\000l\000\351\000m\000e\000n\000t\000a\000t\000i\000o\000n}{chapter.4}% 29
\BOOKMARK [1][-]{section.4.4}{\376\377\000M\000e\000s\000u\000r\000e\000s\000\040\000d\000'\000i\000m\000p\000a\000c\000t}{chapter.4}% 30
\BOOKMARK [2][-]{subsection.4.4.1}{\376\377\000I\000n\000d\000i\000c\000a\000t\000e\000u\000r\000s\000\040\000q\000u\000a\000n\000t\000i\000t\000a\000t\000i\000f\000s}{section.4.4}% 31
\BOOKMARK [2][-]{subsection.4.4.2}{\376\377\000R\000e\000t\000o\000u\000r\000s\000\040\000u\000t\000i\000l\000i\000s\000a\000t\000e\000u\000r\000s}{section.4.4}% 32
\BOOKMARK [0][-]{chapter.5}{\376\377\000P\000e\000r\000s\000p\000e\000c\000t\000i\000v\000e\000s\000\040\000e\000t\000\040\000r\000e\000c\000o\000m\000m\000a\000n\000d\000a\000t\000i\000o\000n\000s}{}% 33
\BOOKMARK [1][-]{section.5.1}{\376\377\000\311\000v\000o\000l\000u\000t\000i\000o\000n\000s\000\040\000p\000o\000t\000e\000n\000t\000i\000e\000l\000l\000e\000s}{chapter.5}% 34
\BOOKMARK [1][-]{section.5.2}{\376\377\000A\000p\000p\000l\000i\000c\000a\000t\000i\000o\000n\000s\000\040\000\351\000m\000e\000r\000g\000e\000n\000t\000e\000s}{chapter.5}% 35
\BOOKMARK [1][-]{section.5.3}{\376\377\000F\000e\000u\000i\000l\000l\000e\000\040\000d\000e\000\040\000r\000o\000u\000t\000e}{chapter.5}% 36
\BOOKMARK [0][-]{chapter.6}{\376\377\000G\000l\000o\000s\000s\000a\000i\000r\000e}{}% 37
\BOOKMARK [0][-]{chapter.7}{\376\377\000B\000i\000b\000l\000i\000o\000g\000r\000a\000p\000h\000i\000e}{}% 38
\BOOKMARK [0][-]{appendix.A}{\376\377\000D\000o\000n\000n\000\351\000e\000s\000\040\000b\000r\000u\000t\000e\000s\000\040\000d\000e\000s\000\040\000b\000e\000n\000c\000h\000m\000a\000r\000k\000s}{}% 39
\BOOKMARK [1][-]{section.A.1}{\376\377\000P\000r\000o\000t\000o\000c\000o\000l\000e}{appendix.A}% 40
\BOOKMARK [1][-]{section.A.2}{\376\377\000S\000\351\000r\000i\000e\000s\000\040\000d\000e\000\040\000m\000e\000s\000u\000r\000e\000s}{appendix.A}% 41
\BOOKMARK [0][-]{appendix.B}{\376\377\000I\000n\000d\000e\000x}{}% 42
